

<!DOCTYPE html>
<html class="writer-html5" lang="en" data-content_root="../">
<head>
  <meta charset="utf-8" /><meta name="viewport" content="width=device-width, initial-scale=1" />

  <meta name="viewport" content="width=device-width, initial-scale=1.0" />
  <title>Program Listing for File googletest-failfast-unittest.py &mdash; Fields2Cover latest documentation</title>
      <link rel="stylesheet" type="text/css" href="../_static/pygments.css?v=b86133f3" />
      <link rel="stylesheet" type="text/css" href="../_static/css/theme.css?v=e59714d7" />
      <link rel="stylesheet" type="text/css" href="../_static/graphviz.css?v=eafc0fe6" />
      <link rel="stylesheet" type="text/css" href="../_static/code-tabs.css?v=1bc26e2f" />

  
    <link rel="shortcut icon" href="../_static/favicon.ico"/>
    <link rel="canonical" href="https://fields2cover.github.io/api/program_listing_file_googletest_googletest_test_googletest-failfast-unittest.py.html" />
      <script src="../_static/jquery.js?v=5d32c60e"></script>
      <script src="../_static/_sphinx_javascript_frameworks_compat.js?v=2cd50e6c"></script>
      <script src="../_static/documentation_options.js?v=c6e86fd7"></script>
      <script src="../_static/doctools.js?v=888ff710"></script>
      <script src="../_static/sphinx_highlight.js?v=dc90522c"></script>
      <script src="../_static/code-tabs.js?v=c983d12e"></script>
    <script src="../_static/js/theme.js"></script>
    <link rel="index" title="Index" href="../genindex.html" />
    <link rel="search" title="Search" href="../search.html" /> 
</head>

<body class="wy-body-for-nav"> 
  <div class="wy-grid-for-nav">
    <nav data-toggle="wy-nav-shift" class="wy-nav-side">
      <div class="wy-side-scroll">
        <div class="wy-side-nav-search" >

          
          
          <a href="../index.html">
            
              <img src="../_static/logo_fields2cover.png" class="logo" alt="Logo"/>
          </a>
<div role="search">
  <form id="rtd-search-form" class="wy-form" action="../search.html" method="get">
    <input type="text" name="q" placeholder="Search docs" aria-label="Search docs" />
    <input type="hidden" name="check_keywords" value="yes" />
    <input type="hidden" name="area" value="default" />
  </form>
</div>
        </div><div class="wy-menu wy-menu-vertical" data-spy="affix" role="navigation" aria-label="Navigation menu">
              <ul>
<li class="toctree-l1"><a class="reference internal" href="../index.html">Fields2Cover</a></li>
<li class="toctree-l1"><a class="reference internal" href="../source/installation.html">Installation</a></li>
<li class="toctree-l1"><a class="reference internal" href="../source/tutorials.html">Tutorials</a></li>
<li class="toctree-l1"><a class="reference internal" href="../source/migration_to_v2.html">Migration guide to version 2.0</a></li>
<li class="toctree-l1"><a class="reference internal" href="../source/faq.html">FAQ</a></li>
<li class="toctree-l1"><a class="reference internal" href="f2c_library.html">API</a></li>
</ul>

        </div>
      </div>
    </nav>

    <section data-toggle="wy-nav-shift" class="wy-nav-content-wrap"><nav class="wy-nav-top" aria-label="Mobile navigation menu" >
          <i data-toggle="wy-nav-top" class="fa fa-bars"></i>
          <a href="../index.html">Fields2Cover</a>
      </nav>

      <div class="wy-nav-content">
        <div class="rst-content">
          <div role="navigation" aria-label="Page navigation">
  <ul class="wy-breadcrumbs">
      <li><a href="../index.html" class="icon icon-home" aria-label="Home"></a></li>
      <li class="breadcrumb-item active">Program Listing for File googletest-failfast-unittest.py</li>
      <li class="wy-breadcrumbs-aside">
            <a href="../_sources/api/program_listing_file_googletest_googletest_test_googletest-failfast-unittest.py.rst.txt" rel="nofollow"> View page source</a>
      </li>
  </ul>
  <hr/>
</div>
          <div role="main" class="document" itemscope="itemscope" itemtype="http://schema.org/Article">
           <div itemprop="articleBody">
             
  <section id="program-listing-for-file-googletest-failfast-unittest-py">
<span id="program-listing-file-googletest-googletest-test-googletest-failfast-unittest-py"></span><h1>Program Listing for File googletest-failfast-unittest.py<a class="headerlink" href="#program-listing-for-file-googletest-failfast-unittest-py" title="Link to this heading"></a></h1>
<p>↰ <a class="reference internal" href="file_googletest_googletest_test_googletest-failfast-unittest.py.html#file-googletest-googletest-test-googletest-failfast-unittest-py"><span class="std std-ref">Return to documentation for file</span></a> (<code class="docutils literal notranslate"><span class="pre">googletest/googletest/test/googletest-failfast-unittest.py</span></code>)</p>
<div class="highlight-py notranslate"><div class="highlight"><pre><span></span><span class="ch">#!/usr/bin/env python</span>
<span class="c1">#</span>
<span class="c1"># Copyright 2020 Google Inc. All Rights Reserved.</span>
<span class="c1">#</span>
<span class="c1"># Redistribution and use in source and binary forms, with or without</span>
<span class="c1"># modification, are permitted provided that the following conditions are</span>
<span class="c1"># met:</span>
<span class="c1">#</span>
<span class="c1">#     * Redistributions of source code must retain the above copyright</span>
<span class="c1"># notice, this list of conditions and the following disclaimer.</span>
<span class="c1">#     * Redistributions in binary form must reproduce the above</span>
<span class="c1"># copyright notice, this list of conditions and the following disclaimer</span>
<span class="c1"># in the documentation and/or other materials provided with the</span>
<span class="c1"># distribution.</span>
<span class="c1">#     * Neither the name of Google Inc. nor the names of its</span>
<span class="c1"># contributors may be used to endorse or promote products derived from</span>
<span class="c1"># this software without specific prior written permission.</span>
<span class="c1">#</span>
<span class="c1"># THIS SOFTWARE IS PROVIDED BY THE COPYRIGHT HOLDERS AND CONTRIBUTORS</span>
<span class="c1"># &quot;AS IS&quot; AND ANY EXPRESS OR IMPLIED WARRANTIES, INCLUDING, BUT NOT</span>
<span class="c1"># LIMITED TO, THE IMPLIED WARRANTIES OF MERCHANTABILITY AND FITNESS FOR</span>
<span class="c1"># A PARTICULAR PURPOSE ARE DISCLAIMED. IN NO EVENT SHALL THE COPYRIGHT</span>
<span class="c1"># OWNER OR CONTRIBUTORS BE LIABLE FOR ANY DIRECT, INDIRECT, INCIDENTAL,</span>
<span class="c1"># SPECIAL, EXEMPLARY, OR CONSEQUENTIAL DAMAGES (INCLUDING, BUT NOT</span>
<span class="c1"># LIMITED TO, PROCUREMENT OF SUBSTITUTE GOODS OR SERVICES; LOSS OF USE,</span>
<span class="c1"># DATA, OR PROFITS; OR BUSINESS INTERRUPTION) HOWEVER CAUSED AND ON ANY</span>
<span class="c1"># THEORY OF LIABILITY, WHETHER IN CONTRACT, STRICT LIABILITY, OR TORT</span>
<span class="c1"># (INCLUDING NEGLIGENCE OR OTHERWISE) ARISING IN ANY WAY OUT OF THE USE</span>
<span class="c1"># OF THIS SOFTWARE, EVEN IF ADVISED OF THE POSSIBILITY OF SUCH DAMAGE.</span>

<span class="sd">&quot;&quot;&quot;Unit test for Google Test fail_fast.</span>

<span class="sd">A user can specify if a Google Test program should continue test execution</span>
<span class="sd">after a test failure via the GTEST_FAIL_FAST environment variable or the</span>
<span class="sd">--gtest_fail_fast flag. The default value of the flag can also be changed</span>
<span class="sd">by Bazel fail fast environment variable TESTBRIDGE_TEST_RUNNER_FAIL_FAST.</span>

<span class="sd">This script tests such functionality by invoking googletest-failfast-unittest_</span>
<span class="sd">(a program written with Google Test) with different environments and command</span>
<span class="sd">line flags.</span>
<span class="sd">&quot;&quot;&quot;</span>

<span class="kn">import</span><span class="w"> </span><span class="nn">os</span>
<span class="kn">from</span><span class="w"> </span><span class="nn">googletest.test</span><span class="w"> </span><span class="kn">import</span> <span class="n">gtest_test_utils</span>

<span class="c1"># Constants.</span>

<span class="c1"># Bazel testbridge environment variable for fail fast</span>
<span class="n">BAZEL_FAIL_FAST_ENV_VAR</span> <span class="o">=</span> <span class="s1">&#39;TESTBRIDGE_TEST_RUNNER_FAIL_FAST&#39;</span>

<span class="c1"># The environment variable for specifying fail fast.</span>
<span class="n">FAIL_FAST_ENV_VAR</span> <span class="o">=</span> <span class="s1">&#39;GTEST_FAIL_FAST&#39;</span>

<span class="c1"># The command line flag for specifying fail fast.</span>
<span class="n">FAIL_FAST_FLAG</span> <span class="o">=</span> <span class="s1">&#39;gtest_fail_fast&#39;</span>

<span class="c1"># The command line flag to run disabled tests.</span>
<span class="n">RUN_DISABLED_FLAG</span> <span class="o">=</span> <span class="s1">&#39;gtest_also_run_disabled_tests&#39;</span>

<span class="c1"># The command line flag for specifying a filter.</span>
<span class="n">FILTER_FLAG</span> <span class="o">=</span> <span class="s1">&#39;gtest_filter&#39;</span>

<span class="c1"># Command to run the googletest-failfast-unittest_ program.</span>
<span class="n">COMMAND</span> <span class="o">=</span> <span class="n">gtest_test_utils</span><span class="o">.</span><span class="n">GetTestExecutablePath</span><span class="p">(</span>
    <span class="s1">&#39;googletest-failfast-unittest_&#39;</span>
<span class="p">)</span>

<span class="c1"># The command line flag to tell Google Test to output the list of tests it</span>
<span class="c1"># will run.</span>
<span class="n">LIST_TESTS_FLAG</span> <span class="o">=</span> <span class="s1">&#39;--gtest_list_tests&#39;</span>

<span class="c1"># Indicates whether Google Test supports death tests.</span>
<span class="n">SUPPORTS_DEATH_TESTS</span> <span class="o">=</span> <span class="p">(</span>
    <span class="s1">&#39;HasDeathTest&#39;</span>
    <span class="ow">in</span> <span class="n">gtest_test_utils</span><span class="o">.</span><span class="n">Subprocess</span><span class="p">([</span><span class="n">COMMAND</span><span class="p">,</span> <span class="n">LIST_TESTS_FLAG</span><span class="p">])</span><span class="o">.</span><span class="n">output</span>
<span class="p">)</span>

<span class="c1"># Utilities.</span>

<span class="n">environ</span> <span class="o">=</span> <span class="n">os</span><span class="o">.</span><span class="n">environ</span><span class="o">.</span><span class="n">copy</span><span class="p">()</span>


<span class="k">def</span><span class="w"> </span><span class="nf">SetEnvVar</span><span class="p">(</span><span class="n">env_var</span><span class="p">,</span> <span class="n">value</span><span class="p">):</span>
<span class="w">  </span><span class="sd">&quot;&quot;&quot;Sets the env variable to &#39;value&#39;; unsets it when &#39;value&#39; is None.&quot;&quot;&quot;</span>

  <span class="k">if</span> <span class="n">value</span> <span class="ow">is</span> <span class="ow">not</span> <span class="kc">None</span><span class="p">:</span>
    <span class="n">environ</span><span class="p">[</span><span class="n">env_var</span><span class="p">]</span> <span class="o">=</span> <span class="n">value</span>
  <span class="k">elif</span> <span class="n">env_var</span> <span class="ow">in</span> <span class="n">environ</span><span class="p">:</span>
    <span class="k">del</span> <span class="n">environ</span><span class="p">[</span><span class="n">env_var</span><span class="p">]</span>


<span class="k">def</span><span class="w"> </span><span class="nf">RunAndReturnOutput</span><span class="p">(</span><span class="n">test_suite</span><span class="o">=</span><span class="kc">None</span><span class="p">,</span> <span class="n">fail_fast</span><span class="o">=</span><span class="kc">None</span><span class="p">,</span> <span class="n">run_disabled</span><span class="o">=</span><span class="kc">False</span><span class="p">):</span>
<span class="w">  </span><span class="sd">&quot;&quot;&quot;Runs the test program and returns its output.&quot;&quot;&quot;</span>

  <span class="n">args</span> <span class="o">=</span> <span class="p">[]</span>
  <span class="n">xml_path</span> <span class="o">=</span> <span class="n">os</span><span class="o">.</span><span class="n">path</span><span class="o">.</span><span class="n">join</span><span class="p">(</span>
      <span class="n">gtest_test_utils</span><span class="o">.</span><span class="n">GetTempDir</span><span class="p">(),</span> <span class="s1">&#39;.GTestFailFastUnitTest.xml&#39;</span>
  <span class="p">)</span>
  <span class="n">args</span> <span class="o">+=</span> <span class="p">[</span><span class="s1">&#39;--gtest_output=xml:&#39;</span> <span class="o">+</span> <span class="n">xml_path</span><span class="p">]</span>
  <span class="k">if</span> <span class="n">fail_fast</span> <span class="ow">is</span> <span class="ow">not</span> <span class="kc">None</span><span class="p">:</span>
    <span class="k">if</span> <span class="nb">isinstance</span><span class="p">(</span><span class="n">fail_fast</span><span class="p">,</span> <span class="nb">str</span><span class="p">):</span>
      <span class="n">args</span> <span class="o">+=</span> <span class="p">[</span><span class="s1">&#39;--</span><span class="si">%s</span><span class="s1">=</span><span class="si">%s</span><span class="s1">&#39;</span> <span class="o">%</span> <span class="p">(</span><span class="n">FAIL_FAST_FLAG</span><span class="p">,</span> <span class="n">fail_fast</span><span class="p">)]</span>
    <span class="k">elif</span> <span class="n">fail_fast</span><span class="p">:</span>
      <span class="n">args</span> <span class="o">+=</span> <span class="p">[</span><span class="s1">&#39;--</span><span class="si">%s</span><span class="s1">&#39;</span> <span class="o">%</span> <span class="n">FAIL_FAST_FLAG</span><span class="p">]</span>
    <span class="k">else</span><span class="p">:</span>
      <span class="n">args</span> <span class="o">+=</span> <span class="p">[</span><span class="s1">&#39;--no</span><span class="si">%s</span><span class="s1">&#39;</span> <span class="o">%</span> <span class="n">FAIL_FAST_FLAG</span><span class="p">]</span>
  <span class="k">if</span> <span class="n">test_suite</span><span class="p">:</span>
    <span class="n">args</span> <span class="o">+=</span> <span class="p">[</span><span class="s1">&#39;--</span><span class="si">%s</span><span class="s1">=</span><span class="si">%s</span><span class="s1">.*&#39;</span> <span class="o">%</span> <span class="p">(</span><span class="n">FILTER_FLAG</span><span class="p">,</span> <span class="n">test_suite</span><span class="p">)]</span>
  <span class="k">if</span> <span class="n">run_disabled</span><span class="p">:</span>
    <span class="n">args</span> <span class="o">+=</span> <span class="p">[</span><span class="s1">&#39;--</span><span class="si">%s</span><span class="s1">&#39;</span> <span class="o">%</span> <span class="n">RUN_DISABLED_FLAG</span><span class="p">]</span>
  <span class="n">txt_out</span> <span class="o">=</span> <span class="n">gtest_test_utils</span><span class="o">.</span><span class="n">Subprocess</span><span class="p">([</span><span class="n">COMMAND</span><span class="p">]</span> <span class="o">+</span> <span class="n">args</span><span class="p">,</span> <span class="n">env</span><span class="o">=</span><span class="n">environ</span><span class="p">)</span><span class="o">.</span><span class="n">output</span>
  <span class="k">with</span> <span class="nb">open</span><span class="p">(</span><span class="n">xml_path</span><span class="p">)</span> <span class="k">as</span> <span class="n">xml_file</span><span class="p">:</span>
    <span class="k">return</span> <span class="n">txt_out</span><span class="p">,</span> <span class="n">xml_file</span><span class="o">.</span><span class="n">read</span><span class="p">()</span>


<span class="c1"># The unit test.</span>
<span class="k">class</span><span class="w"> </span><span class="nc">GTestFailFastUnitTest</span><span class="p">(</span><span class="n">gtest_test_utils</span><span class="o">.</span><span class="n">TestCase</span><span class="p">):</span>
<span class="w">  </span><span class="sd">&quot;&quot;&quot;Tests the env variable or the command line flag for fail_fast.&quot;&quot;&quot;</span>

  <span class="k">def</span><span class="w"> </span><span class="nf">testDefaultBehavior</span><span class="p">(</span><span class="bp">self</span><span class="p">):</span>
<span class="w">    </span><span class="sd">&quot;&quot;&quot;Tests the behavior of not specifying the fail_fast.&quot;&quot;&quot;</span>

    <span class="n">txt</span><span class="p">,</span> <span class="n">_</span> <span class="o">=</span> <span class="n">RunAndReturnOutput</span><span class="p">()</span>
    <span class="bp">self</span><span class="o">.</span><span class="n">assertIn</span><span class="p">(</span><span class="s1">&#39;22 FAILED TEST&#39;</span><span class="p">,</span> <span class="n">txt</span><span class="p">)</span>

  <span class="k">def</span><span class="w"> </span><span class="nf">testGoogletestFlag</span><span class="p">(</span><span class="bp">self</span><span class="p">):</span>
    <span class="n">txt</span><span class="p">,</span> <span class="n">_</span> <span class="o">=</span> <span class="n">RunAndReturnOutput</span><span class="p">(</span><span class="n">test_suite</span><span class="o">=</span><span class="s1">&#39;HasSimpleTest&#39;</span><span class="p">,</span> <span class="n">fail_fast</span><span class="o">=</span><span class="kc">True</span><span class="p">)</span>
    <span class="bp">self</span><span class="o">.</span><span class="n">assertIn</span><span class="p">(</span><span class="s1">&#39;1 FAILED TEST&#39;</span><span class="p">,</span> <span class="n">txt</span><span class="p">)</span>
    <span class="bp">self</span><span class="o">.</span><span class="n">assertIn</span><span class="p">(</span><span class="s1">&#39;[  SKIPPED ] 3 tests&#39;</span><span class="p">,</span> <span class="n">txt</span><span class="p">)</span>

    <span class="n">txt</span><span class="p">,</span> <span class="n">_</span> <span class="o">=</span> <span class="n">RunAndReturnOutput</span><span class="p">(</span><span class="n">test_suite</span><span class="o">=</span><span class="s1">&#39;HasSimpleTest&#39;</span><span class="p">,</span> <span class="n">fail_fast</span><span class="o">=</span><span class="kc">False</span><span class="p">)</span>
    <span class="bp">self</span><span class="o">.</span><span class="n">assertIn</span><span class="p">(</span><span class="s1">&#39;4 FAILED TEST&#39;</span><span class="p">,</span> <span class="n">txt</span><span class="p">)</span>
    <span class="bp">self</span><span class="o">.</span><span class="n">assertNotIn</span><span class="p">(</span><span class="s1">&#39;[  SKIPPED ]&#39;</span><span class="p">,</span> <span class="n">txt</span><span class="p">)</span>

  <span class="k">def</span><span class="w"> </span><span class="nf">testGoogletestEnvVar</span><span class="p">(</span><span class="bp">self</span><span class="p">):</span>
<span class="w">    </span><span class="sd">&quot;&quot;&quot;Tests the behavior of specifying fail_fast via Googletest env var.&quot;&quot;&quot;</span>

    <span class="k">try</span><span class="p">:</span>
      <span class="n">SetEnvVar</span><span class="p">(</span><span class="n">FAIL_FAST_ENV_VAR</span><span class="p">,</span> <span class="s1">&#39;1&#39;</span><span class="p">)</span>
      <span class="n">txt</span><span class="p">,</span> <span class="n">_</span> <span class="o">=</span> <span class="n">RunAndReturnOutput</span><span class="p">(</span><span class="s1">&#39;HasSimpleTest&#39;</span><span class="p">)</span>
      <span class="bp">self</span><span class="o">.</span><span class="n">assertIn</span><span class="p">(</span><span class="s1">&#39;1 FAILED TEST&#39;</span><span class="p">,</span> <span class="n">txt</span><span class="p">)</span>
      <span class="bp">self</span><span class="o">.</span><span class="n">assertIn</span><span class="p">(</span><span class="s1">&#39;[  SKIPPED ] 3 tests&#39;</span><span class="p">,</span> <span class="n">txt</span><span class="p">)</span>

      <span class="n">SetEnvVar</span><span class="p">(</span><span class="n">FAIL_FAST_ENV_VAR</span><span class="p">,</span> <span class="s1">&#39;0&#39;</span><span class="p">)</span>
      <span class="n">txt</span><span class="p">,</span> <span class="n">_</span> <span class="o">=</span> <span class="n">RunAndReturnOutput</span><span class="p">(</span><span class="s1">&#39;HasSimpleTest&#39;</span><span class="p">)</span>
      <span class="bp">self</span><span class="o">.</span><span class="n">assertIn</span><span class="p">(</span><span class="s1">&#39;4 FAILED TEST&#39;</span><span class="p">,</span> <span class="n">txt</span><span class="p">)</span>
      <span class="bp">self</span><span class="o">.</span><span class="n">assertNotIn</span><span class="p">(</span><span class="s1">&#39;[  SKIPPED ]&#39;</span><span class="p">,</span> <span class="n">txt</span><span class="p">)</span>
    <span class="k">finally</span><span class="p">:</span>
      <span class="n">SetEnvVar</span><span class="p">(</span><span class="n">FAIL_FAST_ENV_VAR</span><span class="p">,</span> <span class="kc">None</span><span class="p">)</span>

  <span class="k">def</span><span class="w"> </span><span class="nf">testBazelEnvVar</span><span class="p">(</span><span class="bp">self</span><span class="p">):</span>
<span class="w">    </span><span class="sd">&quot;&quot;&quot;Tests the behavior of specifying fail_fast via Bazel testbridge.&quot;&quot;&quot;</span>

    <span class="k">try</span><span class="p">:</span>
      <span class="n">SetEnvVar</span><span class="p">(</span><span class="n">BAZEL_FAIL_FAST_ENV_VAR</span><span class="p">,</span> <span class="s1">&#39;1&#39;</span><span class="p">)</span>
      <span class="n">txt</span><span class="p">,</span> <span class="n">_</span> <span class="o">=</span> <span class="n">RunAndReturnOutput</span><span class="p">(</span><span class="s1">&#39;HasSimpleTest&#39;</span><span class="p">)</span>
      <span class="bp">self</span><span class="o">.</span><span class="n">assertIn</span><span class="p">(</span><span class="s1">&#39;1 FAILED TEST&#39;</span><span class="p">,</span> <span class="n">txt</span><span class="p">)</span>
      <span class="bp">self</span><span class="o">.</span><span class="n">assertIn</span><span class="p">(</span><span class="s1">&#39;[  SKIPPED ] 3 tests&#39;</span><span class="p">,</span> <span class="n">txt</span><span class="p">)</span>

      <span class="n">SetEnvVar</span><span class="p">(</span><span class="n">BAZEL_FAIL_FAST_ENV_VAR</span><span class="p">,</span> <span class="s1">&#39;0&#39;</span><span class="p">)</span>
      <span class="n">txt</span><span class="p">,</span> <span class="n">_</span> <span class="o">=</span> <span class="n">RunAndReturnOutput</span><span class="p">(</span><span class="s1">&#39;HasSimpleTest&#39;</span><span class="p">)</span>
      <span class="bp">self</span><span class="o">.</span><span class="n">assertIn</span><span class="p">(</span><span class="s1">&#39;4 FAILED TEST&#39;</span><span class="p">,</span> <span class="n">txt</span><span class="p">)</span>
      <span class="bp">self</span><span class="o">.</span><span class="n">assertNotIn</span><span class="p">(</span><span class="s1">&#39;[  SKIPPED ]&#39;</span><span class="p">,</span> <span class="n">txt</span><span class="p">)</span>
    <span class="k">finally</span><span class="p">:</span>
      <span class="n">SetEnvVar</span><span class="p">(</span><span class="n">BAZEL_FAIL_FAST_ENV_VAR</span><span class="p">,</span> <span class="kc">None</span><span class="p">)</span>

  <span class="k">def</span><span class="w"> </span><span class="nf">testFlagOverridesEnvVar</span><span class="p">(</span><span class="bp">self</span><span class="p">):</span>
<span class="w">    </span><span class="sd">&quot;&quot;&quot;Tests precedence of flag over env var.&quot;&quot;&quot;</span>

    <span class="k">try</span><span class="p">:</span>
      <span class="n">SetEnvVar</span><span class="p">(</span><span class="n">FAIL_FAST_ENV_VAR</span><span class="p">,</span> <span class="s1">&#39;0&#39;</span><span class="p">)</span>
      <span class="n">txt</span><span class="p">,</span> <span class="n">_</span> <span class="o">=</span> <span class="n">RunAndReturnOutput</span><span class="p">(</span><span class="s1">&#39;HasSimpleTest&#39;</span><span class="p">,</span> <span class="kc">True</span><span class="p">)</span>
      <span class="bp">self</span><span class="o">.</span><span class="n">assertIn</span><span class="p">(</span><span class="s1">&#39;1 FAILED TEST&#39;</span><span class="p">,</span> <span class="n">txt</span><span class="p">)</span>
      <span class="bp">self</span><span class="o">.</span><span class="n">assertIn</span><span class="p">(</span><span class="s1">&#39;[  SKIPPED ] 3 tests&#39;</span><span class="p">,</span> <span class="n">txt</span><span class="p">)</span>
    <span class="k">finally</span><span class="p">:</span>
      <span class="n">SetEnvVar</span><span class="p">(</span><span class="n">FAIL_FAST_ENV_VAR</span><span class="p">,</span> <span class="kc">None</span><span class="p">)</span>

  <span class="k">def</span><span class="w"> </span><span class="nf">testGoogletestEnvVarOverridesBazelEnvVar</span><span class="p">(</span><span class="bp">self</span><span class="p">):</span>
<span class="w">    </span><span class="sd">&quot;&quot;&quot;Tests that the Googletest native env var over Bazel testbridge.&quot;&quot;&quot;</span>

    <span class="k">try</span><span class="p">:</span>
      <span class="n">SetEnvVar</span><span class="p">(</span><span class="n">BAZEL_FAIL_FAST_ENV_VAR</span><span class="p">,</span> <span class="s1">&#39;0&#39;</span><span class="p">)</span>
      <span class="n">SetEnvVar</span><span class="p">(</span><span class="n">FAIL_FAST_ENV_VAR</span><span class="p">,</span> <span class="s1">&#39;1&#39;</span><span class="p">)</span>
      <span class="n">txt</span><span class="p">,</span> <span class="n">_</span> <span class="o">=</span> <span class="n">RunAndReturnOutput</span><span class="p">(</span><span class="s1">&#39;HasSimpleTest&#39;</span><span class="p">)</span>
      <span class="bp">self</span><span class="o">.</span><span class="n">assertIn</span><span class="p">(</span><span class="s1">&#39;1 FAILED TEST&#39;</span><span class="p">,</span> <span class="n">txt</span><span class="p">)</span>
      <span class="bp">self</span><span class="o">.</span><span class="n">assertIn</span><span class="p">(</span><span class="s1">&#39;[  SKIPPED ] 3 tests&#39;</span><span class="p">,</span> <span class="n">txt</span><span class="p">)</span>
    <span class="k">finally</span><span class="p">:</span>
      <span class="n">SetEnvVar</span><span class="p">(</span><span class="n">FAIL_FAST_ENV_VAR</span><span class="p">,</span> <span class="kc">None</span><span class="p">)</span>
      <span class="n">SetEnvVar</span><span class="p">(</span><span class="n">BAZEL_FAIL_FAST_ENV_VAR</span><span class="p">,</span> <span class="kc">None</span><span class="p">)</span>

  <span class="k">def</span><span class="w"> </span><span class="nf">testEventListener</span><span class="p">(</span><span class="bp">self</span><span class="p">):</span>
    <span class="n">txt</span><span class="p">,</span> <span class="n">_</span> <span class="o">=</span> <span class="n">RunAndReturnOutput</span><span class="p">(</span><span class="n">test_suite</span><span class="o">=</span><span class="s1">&#39;HasSkipTest&#39;</span><span class="p">,</span> <span class="n">fail_fast</span><span class="o">=</span><span class="kc">True</span><span class="p">)</span>
    <span class="bp">self</span><span class="o">.</span><span class="n">assertIn</span><span class="p">(</span><span class="s1">&#39;1 FAILED TEST&#39;</span><span class="p">,</span> <span class="n">txt</span><span class="p">)</span>
    <span class="bp">self</span><span class="o">.</span><span class="n">assertIn</span><span class="p">(</span><span class="s1">&#39;[  SKIPPED ] 3 tests&#39;</span><span class="p">,</span> <span class="n">txt</span><span class="p">)</span>
    <span class="k">for</span> <span class="n">expected_count</span><span class="p">,</span> <span class="n">callback</span> <span class="ow">in</span> <span class="p">[</span>
        <span class="p">(</span><span class="mi">1</span><span class="p">,</span> <span class="s1">&#39;OnTestSuiteStart&#39;</span><span class="p">),</span>
        <span class="p">(</span><span class="mi">5</span><span class="p">,</span> <span class="s1">&#39;OnTestStart&#39;</span><span class="p">),</span>
        <span class="p">(</span><span class="mi">5</span><span class="p">,</span> <span class="s1">&#39;OnTestEnd&#39;</span><span class="p">),</span>
        <span class="p">(</span><span class="mi">5</span><span class="p">,</span> <span class="s1">&#39;OnTestPartResult&#39;</span><span class="p">),</span>
        <span class="p">(</span><span class="mi">1</span><span class="p">,</span> <span class="s1">&#39;OnTestSuiteEnd&#39;</span><span class="p">),</span>
    <span class="p">]:</span>
      <span class="bp">self</span><span class="o">.</span><span class="n">assertEqual</span><span class="p">(</span>
          <span class="n">expected_count</span><span class="p">,</span>
          <span class="n">txt</span><span class="o">.</span><span class="n">count</span><span class="p">(</span><span class="n">callback</span><span class="p">),</span>
          <span class="s1">&#39;Expected </span><span class="si">%d</span><span class="s1"> calls to callback </span><span class="si">%s</span><span class="s1"> match count on output: </span><span class="si">%s</span><span class="s1"> &#39;</span>
          <span class="o">%</span> <span class="p">(</span><span class="n">expected_count</span><span class="p">,</span> <span class="n">callback</span><span class="p">,</span> <span class="n">txt</span><span class="p">),</span>
      <span class="p">)</span>

    <span class="n">txt</span><span class="p">,</span> <span class="n">_</span> <span class="o">=</span> <span class="n">RunAndReturnOutput</span><span class="p">(</span><span class="n">test_suite</span><span class="o">=</span><span class="s1">&#39;HasSkipTest&#39;</span><span class="p">,</span> <span class="n">fail_fast</span><span class="o">=</span><span class="kc">False</span><span class="p">)</span>
    <span class="bp">self</span><span class="o">.</span><span class="n">assertIn</span><span class="p">(</span><span class="s1">&#39;3 FAILED TEST&#39;</span><span class="p">,</span> <span class="n">txt</span><span class="p">)</span>
    <span class="bp">self</span><span class="o">.</span><span class="n">assertIn</span><span class="p">(</span><span class="s1">&#39;[  SKIPPED ] 1 test&#39;</span><span class="p">,</span> <span class="n">txt</span><span class="p">)</span>
    <span class="k">for</span> <span class="n">expected_count</span><span class="p">,</span> <span class="n">callback</span> <span class="ow">in</span> <span class="p">[</span>
        <span class="p">(</span><span class="mi">1</span><span class="p">,</span> <span class="s1">&#39;OnTestSuiteStart&#39;</span><span class="p">),</span>
        <span class="p">(</span><span class="mi">5</span><span class="p">,</span> <span class="s1">&#39;OnTestStart&#39;</span><span class="p">),</span>
        <span class="p">(</span><span class="mi">5</span><span class="p">,</span> <span class="s1">&#39;OnTestEnd&#39;</span><span class="p">),</span>
        <span class="p">(</span><span class="mi">5</span><span class="p">,</span> <span class="s1">&#39;OnTestPartResult&#39;</span><span class="p">),</span>
        <span class="p">(</span><span class="mi">1</span><span class="p">,</span> <span class="s1">&#39;OnTestSuiteEnd&#39;</span><span class="p">),</span>
    <span class="p">]:</span>
      <span class="bp">self</span><span class="o">.</span><span class="n">assertEqual</span><span class="p">(</span>
          <span class="n">expected_count</span><span class="p">,</span>
          <span class="n">txt</span><span class="o">.</span><span class="n">count</span><span class="p">(</span><span class="n">callback</span><span class="p">),</span>
          <span class="s1">&#39;Expected </span><span class="si">%d</span><span class="s1"> calls to callback </span><span class="si">%s</span><span class="s1"> match count on output: </span><span class="si">%s</span><span class="s1"> &#39;</span>
          <span class="o">%</span> <span class="p">(</span><span class="n">expected_count</span><span class="p">,</span> <span class="n">callback</span><span class="p">,</span> <span class="n">txt</span><span class="p">),</span>
      <span class="p">)</span>

  <span class="k">def</span><span class="w"> </span><span class="nf">assertXmlResultCount</span><span class="p">(</span><span class="bp">self</span><span class="p">,</span> <span class="n">result</span><span class="p">,</span> <span class="n">count</span><span class="p">,</span> <span class="n">xml</span><span class="p">):</span>
    <span class="bp">self</span><span class="o">.</span><span class="n">assertEqual</span><span class="p">(</span>
        <span class="n">count</span><span class="p">,</span>
        <span class="n">xml</span><span class="o">.</span><span class="n">count</span><span class="p">(</span><span class="s1">&#39;result=&quot;</span><span class="si">%s</span><span class="s1">&quot;&#39;</span> <span class="o">%</span> <span class="n">result</span><span class="p">),</span>
        <span class="s1">&#39;Expected </span><span class="se">\&#39;</span><span class="s1">result=&quot;</span><span class="si">%s</span><span class="s1">&quot;</span><span class="se">\&#39;</span><span class="s1"> match count of </span><span class="si">%s</span><span class="s1">: </span><span class="si">%s</span><span class="s1"> &#39;</span>
        <span class="o">%</span> <span class="p">(</span><span class="n">result</span><span class="p">,</span> <span class="n">count</span><span class="p">,</span> <span class="n">xml</span><span class="p">),</span>
    <span class="p">)</span>

  <span class="k">def</span><span class="w"> </span><span class="nf">assertXmlStatusCount</span><span class="p">(</span><span class="bp">self</span><span class="p">,</span> <span class="n">status</span><span class="p">,</span> <span class="n">count</span><span class="p">,</span> <span class="n">xml</span><span class="p">):</span>
    <span class="bp">self</span><span class="o">.</span><span class="n">assertEqual</span><span class="p">(</span>
        <span class="n">count</span><span class="p">,</span>
        <span class="n">xml</span><span class="o">.</span><span class="n">count</span><span class="p">(</span><span class="s1">&#39;status=&quot;</span><span class="si">%s</span><span class="s1">&quot;&#39;</span> <span class="o">%</span> <span class="n">status</span><span class="p">),</span>
        <span class="s1">&#39;Expected </span><span class="se">\&#39;</span><span class="s1">status=&quot;</span><span class="si">%s</span><span class="s1">&quot;</span><span class="se">\&#39;</span><span class="s1"> match count of </span><span class="si">%s</span><span class="s1">: </span><span class="si">%s</span><span class="s1"> &#39;</span>
        <span class="o">%</span> <span class="p">(</span><span class="n">status</span><span class="p">,</span> <span class="n">count</span><span class="p">,</span> <span class="n">xml</span><span class="p">),</span>
    <span class="p">)</span>

  <span class="k">def</span><span class="w"> </span><span class="nf">assertFailFastXmlAndTxtOutput</span><span class="p">(</span>
      <span class="bp">self</span><span class="p">,</span>
      <span class="n">fail_fast</span><span class="p">,</span>
      <span class="n">test_suite</span><span class="p">,</span>
      <span class="n">passed_count</span><span class="p">,</span>
      <span class="n">failure_count</span><span class="p">,</span>
      <span class="n">skipped_count</span><span class="p">,</span>
      <span class="n">suppressed_count</span><span class="p">,</span>
      <span class="n">run_disabled</span><span class="o">=</span><span class="kc">False</span><span class="p">,</span>
  <span class="p">):</span>
<span class="w">    </span><span class="sd">&quot;&quot;&quot;Assert XML and text output of a test execution.&quot;&quot;&quot;</span>

    <span class="n">txt</span><span class="p">,</span> <span class="n">xml</span> <span class="o">=</span> <span class="n">RunAndReturnOutput</span><span class="p">(</span><span class="n">test_suite</span><span class="p">,</span> <span class="n">fail_fast</span><span class="p">,</span> <span class="n">run_disabled</span><span class="p">)</span>
    <span class="k">if</span> <span class="n">failure_count</span> <span class="o">&gt;</span> <span class="mi">0</span><span class="p">:</span>
      <span class="bp">self</span><span class="o">.</span><span class="n">assertIn</span><span class="p">(</span><span class="s1">&#39;</span><span class="si">%s</span><span class="s1"> FAILED TEST&#39;</span> <span class="o">%</span> <span class="n">failure_count</span><span class="p">,</span> <span class="n">txt</span><span class="p">)</span>
    <span class="k">if</span> <span class="n">suppressed_count</span> <span class="o">&gt;</span> <span class="mi">0</span><span class="p">:</span>
      <span class="bp">self</span><span class="o">.</span><span class="n">assertIn</span><span class="p">(</span><span class="s1">&#39;</span><span class="si">%s</span><span class="s1"> DISABLED TEST&#39;</span> <span class="o">%</span> <span class="n">suppressed_count</span><span class="p">,</span> <span class="n">txt</span><span class="p">)</span>
    <span class="k">if</span> <span class="n">skipped_count</span> <span class="o">&gt;</span> <span class="mi">0</span><span class="p">:</span>
      <span class="bp">self</span><span class="o">.</span><span class="n">assertIn</span><span class="p">(</span><span class="s1">&#39;[  SKIPPED ] </span><span class="si">%s</span><span class="s1"> tests&#39;</span> <span class="o">%</span> <span class="n">skipped_count</span><span class="p">,</span> <span class="n">txt</span><span class="p">)</span>
    <span class="bp">self</span><span class="o">.</span><span class="n">assertXmlStatusCountassertXmlStatusCount</span><span class="p">(</span>
        <span class="s1">&#39;run&#39;</span><span class="p">,</span> <span class="n">passed_count</span> <span class="o">+</span> <span class="n">failure_count</span> <span class="o">+</span> <span class="n">skipped_count</span><span class="p">,</span> <span class="n">xml</span>
    <span class="p">)</span>
    <span class="bp">self</span><span class="o">.</span><span class="n">assertXmlStatusCountassertXmlStatusCount</span><span class="p">(</span><span class="s1">&#39;notrun&#39;</span><span class="p">,</span> <span class="n">suppressed_count</span><span class="p">,</span> <span class="n">xml</span><span class="p">)</span>
    <span class="bp">self</span><span class="o">.</span><span class="n">assertXmlResultCountassertXmlResultCount</span><span class="p">(</span><span class="s1">&#39;completed&#39;</span><span class="p">,</span> <span class="n">passed_count</span> <span class="o">+</span> <span class="n">failure_count</span><span class="p">,</span> <span class="n">xml</span><span class="p">)</span>
    <span class="bp">self</span><span class="o">.</span><span class="n">assertXmlResultCountassertXmlResultCount</span><span class="p">(</span><span class="s1">&#39;skipped&#39;</span><span class="p">,</span> <span class="n">skipped_count</span><span class="p">,</span> <span class="n">xml</span><span class="p">)</span>
    <span class="bp">self</span><span class="o">.</span><span class="n">assertXmlResultCountassertXmlResultCount</span><span class="p">(</span><span class="s1">&#39;suppressed&#39;</span><span class="p">,</span> <span class="n">suppressed_count</span><span class="p">,</span> <span class="n">xml</span><span class="p">)</span>

  <span class="k">def</span><span class="w"> </span><span class="nf">assertFailFastBehavior</span><span class="p">(</span>
      <span class="bp">self</span><span class="p">,</span>
      <span class="n">test_suite</span><span class="p">,</span>
      <span class="n">passed_count</span><span class="p">,</span>
      <span class="n">failure_count</span><span class="p">,</span>
      <span class="n">skipped_count</span><span class="p">,</span>
      <span class="n">suppressed_count</span><span class="p">,</span>
      <span class="n">run_disabled</span><span class="o">=</span><span class="kc">False</span><span class="p">,</span>
  <span class="p">):</span>
<span class="w">    </span><span class="sd">&quot;&quot;&quot;Assert --fail_fast via flag.&quot;&quot;&quot;</span>

    <span class="k">for</span> <span class="n">fail_fast</span> <span class="ow">in</span> <span class="p">(</span><span class="s1">&#39;true&#39;</span><span class="p">,</span> <span class="s1">&#39;1&#39;</span><span class="p">,</span> <span class="s1">&#39;t&#39;</span><span class="p">,</span> <span class="kc">True</span><span class="p">):</span>
      <span class="bp">self</span><span class="o">.</span><span class="n">assertFailFastXmlAndTxtOutputassertFailFastXmlAndTxtOutput</span><span class="p">(</span>
          <span class="n">fail_fast</span><span class="p">,</span>
          <span class="n">test_suite</span><span class="p">,</span>
          <span class="n">passed_count</span><span class="p">,</span>
          <span class="n">failure_count</span><span class="p">,</span>
          <span class="n">skipped_count</span><span class="p">,</span>
          <span class="n">suppressed_count</span><span class="p">,</span>
          <span class="n">run_disabled</span><span class="p">,</span>
      <span class="p">)</span>

  <span class="k">def</span><span class="w"> </span><span class="nf">assertNotFailFastBehavior</span><span class="p">(</span>
      <span class="bp">self</span><span class="p">,</span>
      <span class="n">test_suite</span><span class="p">,</span>
      <span class="n">passed_count</span><span class="p">,</span>
      <span class="n">failure_count</span><span class="p">,</span>
      <span class="n">skipped_count</span><span class="p">,</span>
      <span class="n">suppressed_count</span><span class="p">,</span>
      <span class="n">run_disabled</span><span class="o">=</span><span class="kc">False</span><span class="p">,</span>
  <span class="p">):</span>
<span class="w">    </span><span class="sd">&quot;&quot;&quot;Assert --nofail_fast via flag.&quot;&quot;&quot;</span>

    <span class="k">for</span> <span class="n">fail_fast</span> <span class="ow">in</span> <span class="p">(</span><span class="s1">&#39;false&#39;</span><span class="p">,</span> <span class="s1">&#39;0&#39;</span><span class="p">,</span> <span class="s1">&#39;f&#39;</span><span class="p">,</span> <span class="kc">False</span><span class="p">):</span>
      <span class="bp">self</span><span class="o">.</span><span class="n">assertFailFastXmlAndTxtOutputassertFailFastXmlAndTxtOutput</span><span class="p">(</span>
          <span class="n">fail_fast</span><span class="p">,</span>
          <span class="n">test_suite</span><span class="p">,</span>
          <span class="n">passed_count</span><span class="p">,</span>
          <span class="n">failure_count</span><span class="p">,</span>
          <span class="n">skipped_count</span><span class="p">,</span>
          <span class="n">suppressed_count</span><span class="p">,</span>
          <span class="n">run_disabled</span><span class="p">,</span>
      <span class="p">)</span>

  <span class="k">def</span><span class="w"> </span><span class="nf">testFlag_HasFixtureTest</span><span class="p">(</span><span class="bp">self</span><span class="p">):</span>
<span class="w">    </span><span class="sd">&quot;&quot;&quot;Tests the behavior of fail_fast and TEST_F.&quot;&quot;&quot;</span>
    <span class="bp">self</span><span class="o">.</span><span class="n">assertFailFastBehaviorassertFailFastBehavior</span><span class="p">(</span>
        <span class="n">test_suite</span><span class="o">=</span><span class="s1">&#39;HasFixtureTest&#39;</span><span class="p">,</span>
        <span class="n">passed_count</span><span class="o">=</span><span class="mi">1</span><span class="p">,</span>
        <span class="n">failure_count</span><span class="o">=</span><span class="mi">1</span><span class="p">,</span>
        <span class="n">skipped_count</span><span class="o">=</span><span class="mi">3</span><span class="p">,</span>
        <span class="n">suppressed_count</span><span class="o">=</span><span class="mi">0</span><span class="p">,</span>
    <span class="p">)</span>
    <span class="bp">self</span><span class="o">.</span><span class="n">assertNotFailFastBehaviorassertNotFailFastBehavior</span><span class="p">(</span>
        <span class="n">test_suite</span><span class="o">=</span><span class="s1">&#39;HasFixtureTest&#39;</span><span class="p">,</span>
        <span class="n">passed_count</span><span class="o">=</span><span class="mi">1</span><span class="p">,</span>
        <span class="n">failure_count</span><span class="o">=</span><span class="mi">4</span><span class="p">,</span>
        <span class="n">skipped_count</span><span class="o">=</span><span class="mi">0</span><span class="p">,</span>
        <span class="n">suppressed_count</span><span class="o">=</span><span class="mi">0</span><span class="p">,</span>
    <span class="p">)</span>

  <span class="k">def</span><span class="w"> </span><span class="nf">testFlag_HasSimpleTest</span><span class="p">(</span><span class="bp">self</span><span class="p">):</span>
<span class="w">    </span><span class="sd">&quot;&quot;&quot;Tests the behavior of fail_fast and TEST.&quot;&quot;&quot;</span>
    <span class="bp">self</span><span class="o">.</span><span class="n">assertFailFastBehaviorassertFailFastBehavior</span><span class="p">(</span>
        <span class="n">test_suite</span><span class="o">=</span><span class="s1">&#39;HasSimpleTest&#39;</span><span class="p">,</span>
        <span class="n">passed_count</span><span class="o">=</span><span class="mi">1</span><span class="p">,</span>
        <span class="n">failure_count</span><span class="o">=</span><span class="mi">1</span><span class="p">,</span>
        <span class="n">skipped_count</span><span class="o">=</span><span class="mi">3</span><span class="p">,</span>
        <span class="n">suppressed_count</span><span class="o">=</span><span class="mi">0</span><span class="p">,</span>
    <span class="p">)</span>
    <span class="bp">self</span><span class="o">.</span><span class="n">assertNotFailFastBehaviorassertNotFailFastBehavior</span><span class="p">(</span>
        <span class="n">test_suite</span><span class="o">=</span><span class="s1">&#39;HasSimpleTest&#39;</span><span class="p">,</span>
        <span class="n">passed_count</span><span class="o">=</span><span class="mi">1</span><span class="p">,</span>
        <span class="n">failure_count</span><span class="o">=</span><span class="mi">4</span><span class="p">,</span>
        <span class="n">skipped_count</span><span class="o">=</span><span class="mi">0</span><span class="p">,</span>
        <span class="n">suppressed_count</span><span class="o">=</span><span class="mi">0</span><span class="p">,</span>
    <span class="p">)</span>

  <span class="k">def</span><span class="w"> </span><span class="nf">testFlag_HasParametersTest</span><span class="p">(</span><span class="bp">self</span><span class="p">):</span>
<span class="w">    </span><span class="sd">&quot;&quot;&quot;Tests the behavior of fail_fast and TEST_P.&quot;&quot;&quot;</span>
    <span class="bp">self</span><span class="o">.</span><span class="n">assertFailFastBehaviorassertFailFastBehavior</span><span class="p">(</span>
        <span class="n">test_suite</span><span class="o">=</span><span class="s1">&#39;HasParametersSuite/HasParametersTest&#39;</span><span class="p">,</span>
        <span class="n">passed_count</span><span class="o">=</span><span class="mi">0</span><span class="p">,</span>
        <span class="n">failure_count</span><span class="o">=</span><span class="mi">1</span><span class="p">,</span>
        <span class="n">skipped_count</span><span class="o">=</span><span class="mi">3</span><span class="p">,</span>
        <span class="n">suppressed_count</span><span class="o">=</span><span class="mi">0</span><span class="p">,</span>
    <span class="p">)</span>
    <span class="bp">self</span><span class="o">.</span><span class="n">assertNotFailFastBehaviorassertNotFailFastBehavior</span><span class="p">(</span>
        <span class="n">test_suite</span><span class="o">=</span><span class="s1">&#39;HasParametersSuite/HasParametersTest&#39;</span><span class="p">,</span>
        <span class="n">passed_count</span><span class="o">=</span><span class="mi">0</span><span class="p">,</span>
        <span class="n">failure_count</span><span class="o">=</span><span class="mi">4</span><span class="p">,</span>
        <span class="n">skipped_count</span><span class="o">=</span><span class="mi">0</span><span class="p">,</span>
        <span class="n">suppressed_count</span><span class="o">=</span><span class="mi">0</span><span class="p">,</span>
    <span class="p">)</span>

  <span class="k">def</span><span class="w"> </span><span class="nf">testFlag_HasDisabledTest</span><span class="p">(</span><span class="bp">self</span><span class="p">):</span>
<span class="w">    </span><span class="sd">&quot;&quot;&quot;Tests the behavior of fail_fast and Disabled test cases.&quot;&quot;&quot;</span>
    <span class="bp">self</span><span class="o">.</span><span class="n">assertFailFastBehaviorassertFailFastBehavior</span><span class="p">(</span>
        <span class="n">test_suite</span><span class="o">=</span><span class="s1">&#39;HasDisabledTest&#39;</span><span class="p">,</span>
        <span class="n">passed_count</span><span class="o">=</span><span class="mi">1</span><span class="p">,</span>
        <span class="n">failure_count</span><span class="o">=</span><span class="mi">1</span><span class="p">,</span>
        <span class="n">skipped_count</span><span class="o">=</span><span class="mi">2</span><span class="p">,</span>
        <span class="n">suppressed_count</span><span class="o">=</span><span class="mi">1</span><span class="p">,</span>
        <span class="n">run_disabled</span><span class="o">=</span><span class="kc">False</span><span class="p">,</span>
    <span class="p">)</span>
    <span class="bp">self</span><span class="o">.</span><span class="n">assertNotFailFastBehaviorassertNotFailFastBehavior</span><span class="p">(</span>
        <span class="n">test_suite</span><span class="o">=</span><span class="s1">&#39;HasDisabledTest&#39;</span><span class="p">,</span>
        <span class="n">passed_count</span><span class="o">=</span><span class="mi">1</span><span class="p">,</span>
        <span class="n">failure_count</span><span class="o">=</span><span class="mi">3</span><span class="p">,</span>
        <span class="n">skipped_count</span><span class="o">=</span><span class="mi">0</span><span class="p">,</span>
        <span class="n">suppressed_count</span><span class="o">=</span><span class="mi">1</span><span class="p">,</span>
        <span class="n">run_disabled</span><span class="o">=</span><span class="kc">False</span><span class="p">,</span>
    <span class="p">)</span>

  <span class="k">def</span><span class="w"> </span><span class="nf">testFlag_HasDisabledRunDisabledTest</span><span class="p">(</span><span class="bp">self</span><span class="p">):</span>
<span class="w">    </span><span class="sd">&quot;&quot;&quot;Tests the behavior of fail_fast and Disabled test cases enabled.&quot;&quot;&quot;</span>
    <span class="bp">self</span><span class="o">.</span><span class="n">assertFailFastBehaviorassertFailFastBehavior</span><span class="p">(</span>
        <span class="n">test_suite</span><span class="o">=</span><span class="s1">&#39;HasDisabledTest&#39;</span><span class="p">,</span>
        <span class="n">passed_count</span><span class="o">=</span><span class="mi">1</span><span class="p">,</span>
        <span class="n">failure_count</span><span class="o">=</span><span class="mi">1</span><span class="p">,</span>
        <span class="n">skipped_count</span><span class="o">=</span><span class="mi">3</span><span class="p">,</span>
        <span class="n">suppressed_count</span><span class="o">=</span><span class="mi">0</span><span class="p">,</span>
        <span class="n">run_disabled</span><span class="o">=</span><span class="kc">True</span><span class="p">,</span>
    <span class="p">)</span>
    <span class="bp">self</span><span class="o">.</span><span class="n">assertNotFailFastBehaviorassertNotFailFastBehavior</span><span class="p">(</span>
        <span class="n">test_suite</span><span class="o">=</span><span class="s1">&#39;HasDisabledTest&#39;</span><span class="p">,</span>
        <span class="n">passed_count</span><span class="o">=</span><span class="mi">1</span><span class="p">,</span>
        <span class="n">failure_count</span><span class="o">=</span><span class="mi">4</span><span class="p">,</span>
        <span class="n">skipped_count</span><span class="o">=</span><span class="mi">0</span><span class="p">,</span>
        <span class="n">suppressed_count</span><span class="o">=</span><span class="mi">0</span><span class="p">,</span>
        <span class="n">run_disabled</span><span class="o">=</span><span class="kc">True</span><span class="p">,</span>
    <span class="p">)</span>

  <span class="k">def</span><span class="w"> </span><span class="nf">testFlag_HasDisabledSuiteTest</span><span class="p">(</span><span class="bp">self</span><span class="p">):</span>
<span class="w">    </span><span class="sd">&quot;&quot;&quot;Tests the behavior of fail_fast and Disabled test suites.&quot;&quot;&quot;</span>
    <span class="bp">self</span><span class="o">.</span><span class="n">assertFailFastBehaviorassertFailFastBehavior</span><span class="p">(</span>
        <span class="n">test_suite</span><span class="o">=</span><span class="s1">&#39;DISABLED_HasDisabledSuite&#39;</span><span class="p">,</span>
        <span class="n">passed_count</span><span class="o">=</span><span class="mi">0</span><span class="p">,</span>
        <span class="n">failure_count</span><span class="o">=</span><span class="mi">0</span><span class="p">,</span>
        <span class="n">skipped_count</span><span class="o">=</span><span class="mi">0</span><span class="p">,</span>
        <span class="n">suppressed_count</span><span class="o">=</span><span class="mi">5</span><span class="p">,</span>
        <span class="n">run_disabled</span><span class="o">=</span><span class="kc">False</span><span class="p">,</span>
    <span class="p">)</span>
    <span class="bp">self</span><span class="o">.</span><span class="n">assertNotFailFastBehaviorassertNotFailFastBehavior</span><span class="p">(</span>
        <span class="n">test_suite</span><span class="o">=</span><span class="s1">&#39;DISABLED_HasDisabledSuite&#39;</span><span class="p">,</span>
        <span class="n">passed_count</span><span class="o">=</span><span class="mi">0</span><span class="p">,</span>
        <span class="n">failure_count</span><span class="o">=</span><span class="mi">0</span><span class="p">,</span>
        <span class="n">skipped_count</span><span class="o">=</span><span class="mi">0</span><span class="p">,</span>
        <span class="n">suppressed_count</span><span class="o">=</span><span class="mi">5</span><span class="p">,</span>
        <span class="n">run_disabled</span><span class="o">=</span><span class="kc">False</span><span class="p">,</span>
    <span class="p">)</span>

  <span class="k">def</span><span class="w"> </span><span class="nf">testFlag_HasDisabledSuiteRunDisabledTest</span><span class="p">(</span><span class="bp">self</span><span class="p">):</span>
<span class="w">    </span><span class="sd">&quot;&quot;&quot;Tests the behavior of fail_fast and Disabled test suites enabled.&quot;&quot;&quot;</span>
    <span class="bp">self</span><span class="o">.</span><span class="n">assertFailFastBehaviorassertFailFastBehavior</span><span class="p">(</span>
        <span class="n">test_suite</span><span class="o">=</span><span class="s1">&#39;DISABLED_HasDisabledSuite&#39;</span><span class="p">,</span>
        <span class="n">passed_count</span><span class="o">=</span><span class="mi">1</span><span class="p">,</span>
        <span class="n">failure_count</span><span class="o">=</span><span class="mi">1</span><span class="p">,</span>
        <span class="n">skipped_count</span><span class="o">=</span><span class="mi">3</span><span class="p">,</span>
        <span class="n">suppressed_count</span><span class="o">=</span><span class="mi">0</span><span class="p">,</span>
        <span class="n">run_disabled</span><span class="o">=</span><span class="kc">True</span><span class="p">,</span>
    <span class="p">)</span>
    <span class="bp">self</span><span class="o">.</span><span class="n">assertNotFailFastBehaviorassertNotFailFastBehavior</span><span class="p">(</span>
        <span class="n">test_suite</span><span class="o">=</span><span class="s1">&#39;DISABLED_HasDisabledSuite&#39;</span><span class="p">,</span>
        <span class="n">passed_count</span><span class="o">=</span><span class="mi">1</span><span class="p">,</span>
        <span class="n">failure_count</span><span class="o">=</span><span class="mi">4</span><span class="p">,</span>
        <span class="n">skipped_count</span><span class="o">=</span><span class="mi">0</span><span class="p">,</span>
        <span class="n">suppressed_count</span><span class="o">=</span><span class="mi">0</span><span class="p">,</span>
        <span class="n">run_disabled</span><span class="o">=</span><span class="kc">True</span><span class="p">,</span>
    <span class="p">)</span>

  <span class="k">if</span> <span class="n">SUPPORTS_DEATH_TESTS</span><span class="p">:</span>

    <span class="k">def</span><span class="w"> </span><span class="nf">testFlag_HasDeathTest</span><span class="p">(</span><span class="bp">self</span><span class="p">):</span>
<span class="w">      </span><span class="sd">&quot;&quot;&quot;Tests the behavior of fail_fast and death tests.&quot;&quot;&quot;</span>
      <span class="bp">self</span><span class="o">.</span><span class="n">assertFailFastBehaviorassertFailFastBehavior</span><span class="p">(</span>
          <span class="n">test_suite</span><span class="o">=</span><span class="s1">&#39;HasDeathTest&#39;</span><span class="p">,</span>
          <span class="n">passed_count</span><span class="o">=</span><span class="mi">1</span><span class="p">,</span>
          <span class="n">failure_count</span><span class="o">=</span><span class="mi">1</span><span class="p">,</span>
          <span class="n">skipped_count</span><span class="o">=</span><span class="mi">3</span><span class="p">,</span>
          <span class="n">suppressed_count</span><span class="o">=</span><span class="mi">0</span><span class="p">,</span>
      <span class="p">)</span>
      <span class="bp">self</span><span class="o">.</span><span class="n">assertNotFailFastBehaviorassertNotFailFastBehavior</span><span class="p">(</span>
          <span class="n">test_suite</span><span class="o">=</span><span class="s1">&#39;HasDeathTest&#39;</span><span class="p">,</span>
          <span class="n">passed_count</span><span class="o">=</span><span class="mi">1</span><span class="p">,</span>
          <span class="n">failure_count</span><span class="o">=</span><span class="mi">4</span><span class="p">,</span>
          <span class="n">skipped_count</span><span class="o">=</span><span class="mi">0</span><span class="p">,</span>
          <span class="n">suppressed_count</span><span class="o">=</span><span class="mi">0</span><span class="p">,</span>
      <span class="p">)</span>


<span class="k">if</span> <span class="vm">__name__</span> <span class="o">==</span> <span class="s1">&#39;__main__&#39;</span><span class="p">:</span>
  <span class="n">gtest_test_utils</span><span class="o">.</span><span class="n">Main</span><span class="p">()</span>
</pre></div>
</div>
</section>


           </div>
          </div>
          <footer>

  <hr/>

  <div role="contentinfo">
    <p>&#169; Copyright 2020-2024, Wageningen University.</p>
  </div>

  Built with <a href="https://www.sphinx-doc.org/">Sphinx</a> using a
    <a href="https://github.com/readthedocs/sphinx_rtd_theme">theme</a>
    provided by <a href="https://readthedocs.org">Read the Docs</a>.
   

</footer>
        </div>
      </div>
    </section>
  </div>
  <script>
      jQuery(function () {
          SphinxRtdTheme.Navigation.enable(true);
      });
  </script>  

  <style>
    /* Sidebar header (and topbar for mobile) */
    .wy-side-nav-search, .wy-nav-top {
      background: #D0F1C6; */
    }
    /* Sidebar */
    .wy-nav-side {
      /* background: #ff0000; */
    }
  </style>


</body>
</html>